[2025-11-08 02:59:00] LOGIN_SUCCESS - IP: ::1 - Details: User: admin
[2025-11-08 02:59:30] LOGIN_SUCCESS - IP: ::1 - Details: User: admin
[2025-11-14 23:20:33] LOGIN_SUCCESS - IP: unknown - Details: {"username":"admin","ip":"unknown"}
[2025-11-14 23:20:33] LOGIN_FAILED - IP: unknown - Details: {"reason":"Invalid password","username":"admin","ip":"unknown"}
[2025-11-14 23:21:38] LOGIN_SUCCESS - IP: unknown - Details: {"username":"admin","ip":"unknown"}
[2025-11-14 23:21:39] LOGIN_FAILED - IP: unknown - Details: {"reason":"Invalid password","username":"admin","ip":"unknown"}
[2025-11-15 04:29:58] LOGIN_SUCCESS - IP: unknown - Details: {"username":"admin","ip":"unknown"}
[2025-11-15 04:29:58] LOGIN_FAILED - IP: unknown - Details: {"reason":"Invalid password","username":"admin","ip":"unknown"}
[2025-11-15 04:30:24] LOGIN_SUCCESS - IP: ::1 - Details: {"username":"superadmin","ip":"::1"}
[2025-11-15 04:38:01] LOGIN_FAILED - IP: ::1 - Details: {"reason":"Invalid password","username":"admin","ip":"::1"}
[2025-11-15 04:38:32] LOGIN_SUCCESS - IP: ::1 - Details: {"username":"admin","ip":"::1"}
[2025-11-15 04:59:34] LOGIN_SUCCESS - IP: unknown - Details: {"username":"admin","ip":"unknown"}
[2025-11-15 04:59:34] LOGIN_FAILED - IP: unknown - Details: {"reason":"Invalid password","username":"admin","ip":"unknown"}
[2025-11-15 05:00:37] LOGIN_SUCCESS - IP: ::1 - Details: {"username":"admin","ip":"::1"}
[2025-11-15 07:19:50] LOGIN_SUCCESS - IP: ::1 - Details: {"username":"admin","ip":"::1"}
[2025-11-15 07:21:11] LOGIN_SUCCESS - IP: ::1 - Details: {"username":"admin","ip":"::1"}
[2025-11-15 07:22:34] LOGIN_SUCCESS - IP: ::1 - Details: {"username":"admin","ip":"::1"}
[2025-11-15 07:23:08] LOGIN_SUCCESS - IP: unknown - Details: {"username":"admin","ip":"unknown"}
[2025-11-15 07:23:08] LOGIN_FAILED - IP: unknown - Details: {"reason":"Invalid password","username":"admin","ip":"unknown"}
[2025-11-15 07:23:34] LOGIN_SUCCESS - IP: ::1 - Details: {"username":"admin","ip":"::1"}
[2025-11-15 07:26:26] LOGIN_SUCCESS - IP: ::1 - Details: {"username":"admin","ip":"::1"}
[2025-11-15 07:28:42] LOGIN_SUCCESS - IP: ::1 - Details: {"username":"admin","ip":"::1"}
[2025-11-15 07:30:13] LOGIN_FAILED - IP: ::1 - Details: {"reason":"Invalid password","username":"admin","ip":"::1"}
[2025-11-15 07:30:21] LOGIN_SUCCESS - IP: ::1 - Details: {"username":"admin","ip":"::1"}
[2025-11-15 07:33:15] LOGIN_SUCCESS - IP: ::1 - Details: {"username":"admin","ip":"::1"}
[2025-11-15 07:36:46] LOGIN_FAILED - IP: ::1 - Details: {"reason":"Invalid password","username":"admin","ip":"::1"}
[2025-11-15 07:36:55] LOGIN_SUCCESS - IP: ::1 - Details: {"username":"admin","ip":"::1"}
[2025-11-15 07:42:50] LOGIN_SUCCESS - IP: ::1 - Details: {"username":"admin","ip":"::1"}
[2025-11-15 07:45:03] LOGIN_SUCCESS - IP: ::1 - Details: {"username":"admin","ip":"::1"}
[2025-11-15 07:47:13] LOGIN_SUCCESS - IP: ::1 - Details: {"username":"admin","ip":"::1"}
[2025-11-15 07:47:39] LOGIN_SUCCESS - IP: ::1 - Details: {"username":"admin","ip":"::1"}
[2025-11-15 07:47:54] LOGIN_SUCCESS - IP: ::1 - Details: {"username":"admin","ip":"::1"}
[2025-11-15 07:48:04] LOGIN_SUCCESS - IP: ::1 - Details: {"username":"admin","ip":"::1"}
[2025-11-15 07:48:07] LOGIN_SUCCESS - IP: ::1 - Details: {"username":"admin","ip":"::1"}
[2025-11-15 07:48:15] LOGIN_SUCCESS - IP: ::1 - Details: {"username":"admin","ip":"::1"}
[2025-11-15 08:28:59] LOGIN_SUCCESS - IP: ::1 - Details: {"username":"admin","ip":"::1"}
[2025-11-15 08:29:03] LOGIN_SUCCESS - IP: ::1 - Details: {"username":"admin","ip":"::1"}
[2025-11-15 08:29:04] LOGIN_SUCCESS - IP: ::1 - Details: {"username":"admin","ip":"::1"}
[2025-11-15 08:29:05] LOGIN_SUCCESS - IP: ::1 - Details: {"username":"admin","ip":"::1"}
[2025-11-15 08:29:17] LOGIN_SUCCESS - IP: ::1 - Details: {"username":"admin","ip":"::1"}
[2025-11-15 08:29:18] LOGIN_SUCCESS - IP: ::1 - Details: {"username":"admin","ip":"::1"}
[2025-11-15 08:30:59] LOGIN_FAILED - IP: ::1 - Details: {"reason":"Invalid password","username":"admin","ip":"::1"}
[2025-11-15 08:31:08] LOGIN_SUCCESS - IP: ::1 - Details: {"username":"admin","ip":"::1"}
[2025-11-15 08:48:17] LOGIN_SUCCESS - IP: ::1 - Details: {"username":"admin","ip":"::1"}
[2025-11-15 08:48:30] LOGIN_SUCCESS - IP: ::1 - Details: {"username":"admin","ip":"::1"}
[2025-11-15 08:48:31] LOGIN_SUCCESS - IP: ::1 - Details: {"username":"admin","ip":"::1"}
[2025-11-15 08:48:37] LOGIN_SUCCESS - IP: ::1 - Details: {"username":"admin","ip":"::1"}
[2025-11-15 08:52:59] LOGIN_SUCCESS - IP: ::1 - Details: {"username":"admin","ip":"::1"}
[2025-11-15 08:53:03] LOGIN_SUCCESS - IP: ::1 - Details: {"username":"admin","ip":"::1"}
[2025-11-15 08:53:04] LOGIN_SUCCESS - IP: ::1 - Details: {"username":"admin","ip":"::1"}
[2025-11-15 08:53:04] LOGIN_SUCCESS - IP: ::1 - Details: {"username":"admin","ip":"::1"}
[2025-11-15 08:53:24] LOGIN_SUCCESS - IP: ::1 - Details: {"username":"admin","ip":"::1"}
[2025-11-15 08:53:25] LOGIN_SUCCESS - IP: ::1 - Details: {"username":"admin","ip":"::1"}
[2025-11-15 08:53:25] LOGIN_SUCCESS - IP: ::1 - Details: {"username":"admin","ip":"::1"}
[2025-11-15 08:53:26] LOGIN_SUCCESS - IP: ::1 - Details: {"username":"admin","ip":"::1"}
[2025-11-15 08:53:26] LOGIN_SUCCESS - IP: ::1 - Details: {"username":"admin","ip":"::1"}
[2025-11-15 08:53:35] LOGIN_SUCCESS - IP: ::1 - Details: {"username":"admin","ip":"::1"}
